2025-05-25 07:10:19 [main] INFO  predictor.demo.DemoApplication - Starting DemoApplication using Java 17.0.13 with PID 18500 (C:\Fullstack_apps\period-and-ovulation-predictor\backend\demo\target\classes started by Danil in C:\Fullstack_apps\period-and-ovulation-predictor)
2025-05-25 07:10:19 [main] INFO  predictor.demo.DemoApplication - No active profile set, falling back to 1 default profile: "default"
2025-05-25 07:10:24 [main] INFO  o.a.catalina.core.StandardService - Starting service [Tomcat]
2025-05-25 07:10:24 [main] INFO  o.a.catalina.core.StandardEngine - Starting Servlet engine: [Apache Tomcat/10.1.34]
2025-05-25 07:10:25 [main] INFO  o.a.c.c.C.[Tomcat].[localhost].[/] - Initializing Spring embedded WebApplicationContext
2025-05-25 07:10:25 [main] INFO  o.h.jpa.internal.util.LogHelper - HHH000204: Processing PersistenceUnitInfo [name: default]
2025-05-25 07:10:25 [main] INFO  org.hibernate.Version - HHH000412: Hibernate ORM core version 6.6.5.Final
2025-05-25 07:10:25 [main] INFO  o.h.c.i.RegionFactoryInitiator - HHH000026: Second-level cache disabled
2025-05-25 07:10:27 [main] WARN  com.zaxxer.hikari.HikariConfig - predictor-period-ovulation - idleTimeout has been set but has no effect because the pool is operating as a fixed size pool.
2025-05-25 07:10:27 [main] INFO  com.zaxxer.hikari.HikariDataSource - predictor-period-ovulation - Starting...
2025-05-25 07:10:28 [main] INFO  com.zaxxer.hikari.pool.HikariPool - predictor-period-ovulation - Added connection com.mysql.cj.jdbc.ConnectionImpl@3cf8a235
2025-05-25 07:10:28 [main] INFO  com.zaxxer.hikari.HikariDataSource - predictor-period-ovulation - Start completed.
2025-05-25 07:10:28 [main] WARN  org.hibernate.orm.deprecation - HHH90000025: MySQL8Dialect does not need to be specified explicitly using 'hibernate.dialect' (remove the property setting and it will be selected by default)
2025-05-25 07:10:28 [main] WARN  org.hibernate.orm.deprecation - HHH90000026: MySQL8Dialect has been deprecated; use org.hibernate.dialect.MySQLDialect instead
2025-05-25 07:10:28 [main] INFO  o.hibernate.orm.connections.pooling - HHH10001005: Database info:
	Database JDBC URL [Connecting through datasource 'HikariDataSource (predictor-period-ovulation)']
	Database driver: undefined/unknown
	Database version: 8.0
	Autocommit mode: undefined/unknown
	Isolation level: undefined/unknown
	Minimum pool size: undefined/unknown
	Maximum pool size: undefined/unknown
2025-05-25 07:10:31 [main] INFO  o.h.e.t.j.p.i.JtaPlatformInitiator - HHH000489: No JTA platform available (set 'hibernate.transaction.jta.platform' to enable JTA platform integration)
2025-05-25 07:10:35 [main] WARN  o.s.b.a.o.j.JpaBaseConfiguration$JpaWebConfiguration - spring.jpa.open-in-view is enabled by default. Therefore, database queries may be performed during view rendering. Explicitly configure spring.jpa.open-in-view to disable this warning
2025-05-25 07:10:37 [main] INFO  predictor.demo.DemoApplication - Started DemoApplication in 19.644 seconds (process running for 20.743)
2025-05-25 07:11:20 [http-nio-8080-exec-1] INFO  o.a.tomcat.util.http.parser.Cookie - A cookie header was received [g_state={"i_l":0}] that contained an invalid cookie. That cookie will be ignored.
 Note: further occurrences of this error will be logged at DEBUG level.
2025-05-25 07:11:20 [http-nio-8080-exec-1] INFO  o.a.c.c.C.[Tomcat].[localhost].[/] - Initializing Spring DispatcherServlet 'dispatcherServlet'
2025-05-25 07:11:21 [http-nio-8080-exec-2] WARN  o.a.c.util.SessionIdGeneratorBase - Creation of SecureRandom instance for session ID generation using [SHA1PRNG] took [164] milliseconds.
2025-05-25 07:11:34 [http-nio-8080-exec-4] INFO  predictor.demo.AppConfiguration - Processing OAuth2 login for: naama.antoniouk@gmail.com
2025-05-25 07:11:35 [http-nio-8080-exec-4] DEBUG org.hibernate.SQL - select u1_0.id,u1_0.created_date_time,u1_0.email,u1_0.google_sub,u1_0.is_active,u1_0.modified_date_time,u1_0.name,u1_0.picture,u1_0.refresh_token from user u1_0 where u1_0.google_sub=?
2025-05-25 07:11:35 [http-nio-8080-exec-4] INFO  predictor.demo.AppConfiguration - Found existing user: naama.antoniouk@gmail.com
2025-05-25 07:11:35 [http-nio-8080-exec-5] INFO  p.d.A.calendar.CalendarController - Fetching period events for user
2025-05-25 07:11:35 [http-nio-8080-exec-5] DEBUG org.hibernate.SQL - select u1_0.id,u1_0.created_date_time,u1_0.email,u1_0.google_sub,u1_0.is_active,u1_0.modified_date_time,u1_0.name,u1_0.picture,u1_0.refresh_token from user u1_0 where u1_0.google_sub=?
2025-05-25 07:11:35 [http-nio-8080-exec-5] DEBUG org.hibernate.SQL - select ed1_0.id,ed1_0.calendar_event_id,ed1_0.created_date_time,ed1_0.event_date,ed1_0.events_series,ed1_0.is_period_first_day,ed1_0.is_predicted,ed1_0.is_sync,ed1_0.modified_date_time,ed1_0.title,ed1_0.user_id from event_data ed1_0 where ed1_0.user_id=? and ed1_0.is_predicted=0
2025-05-25 07:11:35 [http-nio-8080-exec-6] INFO  p.d.A.calendar.CalendarController - Fetching period events for user
2025-05-25 07:11:35 [http-nio-8080-exec-6] DEBUG org.hibernate.SQL - select u1_0.id,u1_0.created_date_time,u1_0.email,u1_0.google_sub,u1_0.is_active,u1_0.modified_date_time,u1_0.name,u1_0.picture,u1_0.refresh_token from user u1_0 where u1_0.google_sub=?
2025-05-25 07:11:35 [http-nio-8080-exec-6] DEBUG org.hibernate.SQL - select ed1_0.id,ed1_0.calendar_event_id,ed1_0.created_date_time,ed1_0.event_date,ed1_0.events_series,ed1_0.is_period_first_day,ed1_0.is_predicted,ed1_0.is_sync,ed1_0.modified_date_time,ed1_0.title,ed1_0.user_id from event_data ed1_0 where ed1_0.user_id=? and ed1_0.is_predicted=0
2025-05-25 07:11:40 [http-nio-8080-exec-8] INFO  p.d.A.calendar.CalendarController - Adding new period event
2025-05-25 07:11:40 [http-nio-8080-exec-8] DEBUG org.hibernate.SQL - select u1_0.id,u1_0.created_date_time,u1_0.email,u1_0.google_sub,u1_0.is_active,u1_0.modified_date_time,u1_0.name,u1_0.picture,u1_0.refresh_token from user u1_0 where u1_0.google_sub=?
2025-05-25 07:11:40 [http-nio-8080-exec-8] DEBUG org.hibernate.SQL - select count(*) from event_data ed1_0 where ed1_0.id=?
2025-05-25 07:11:40 [http-nio-8080-exec-8] DEBUG org.hibernate.SQL - insert into event_data (calendar_event_id,created_date_time,event_date,events_series,is_period_first_day,is_predicted,is_sync,modified_date_time,title,user_id) values (?,?,?,?,?,?,?,?,?,?)
2025-05-25 07:11:41 [http-nio-8080-exec-8] DEBUG org.hibernate.SQL - update event_data set calendar_event_id=?,event_date=?,events_series=?,is_period_first_day=?,is_predicted=?,is_sync=?,modified_date_time=?,title=? where id=?
2025-05-25 07:11:42 [http-nio-8080-exec-9] INFO  p.d.A.calendar.CalendarController - Generating new predictions
2025-05-25 07:11:42 [http-nio-8080-exec-9] DEBUG org.hibernate.SQL - select u1_0.id,u1_0.created_date_time,u1_0.email,u1_0.google_sub,u1_0.is_active,u1_0.modified_date_time,u1_0.name,u1_0.picture,u1_0.refresh_token from user u1_0 where u1_0.google_sub=?
2025-05-25 07:11:42 [http-nio-8080-exec-9] DEBUG org.hibernate.SQL - SELECT * FROM event_data WHERE id = (SELECT MAX(id) FROM event_data WHERE user_id = ? AND is_period_first_day = true AND is_predicted = false)
2025-05-25 07:11:42 [http-nio-8080-exec-9] DEBUG org.hibernate.SQL - select es1_0.id from events_series es1_0 left join user u1_0 on u1_0.id=es1_0.user_id where u1_0.id=? limit ?
2025-05-25 07:11:42 [http-nio-8080-exec-9] DEBUG org.hibernate.SQL - select es1_0.id,es1_0.calculated_cycle_length,es1_0.prediction_date,es1_0.user_id from events_series es1_0 left join user u1_0 on u1_0.id=es1_0.user_id where u1_0.id=?
2025-05-25 07:11:42 [http-nio-8080-exec-9] DEBUG org.hibernate.SQL - select pe1_0.events_series,pe1_0.id,pe1_0.calendar_event_id,pe1_0.created_date_time,pe1_0.event_date,pe1_0.is_period_first_day,pe1_0.is_predicted,pe1_0.is_sync,pe1_0.modified_date_time,pe1_0.title,pe1_0.user_id,u1_0.id,u1_0.created_date_time,u1_0.email,u1_0.google_sub,u1_0.is_active,u1_0.modified_date_time,u1_0.name,u1_0.picture,u1_0.refresh_token from event_data pe1_0 left join user u1_0 on u1_0.id=pe1_0.user_id where pe1_0.events_series=?
2025-05-25 07:11:42 [http-nio-8080-exec-9] INFO  p.d.A.calendar.GoogleCalendarService - Successfully deleted event from Google Calendar: 6df0n0tkf3v579f6rfmdi7f16g
2025-05-25 07:11:43 [http-nio-8080-exec-9] INFO  p.d.A.calendar.GoogleCalendarService - Successfully deleted event from Google Calendar: 9qm8orv7vjoktcta3bhtkmbqt4
2025-05-25 07:11:43 [http-nio-8080-exec-9] INFO  p.d.A.calendar.GoogleCalendarService - Successfully deleted event from Google Calendar: rcp83v2m9o6rn6dvaofef2ehdg
2025-05-25 07:11:43 [http-nio-8080-exec-9] INFO  p.d.A.calendar.GoogleCalendarService - Successfully deleted event from Google Calendar: rkfrrg65eak380ue9cjvh9uqb4
2025-05-25 07:11:43 [http-nio-8080-exec-9] INFO  p.d.A.calendar.GoogleCalendarService - Successfully deleted event from Google Calendar: a74bn11nbjbso7qns0o4msahos
2025-05-25 07:11:43 [http-nio-8080-exec-9] INFO  p.d.A.calendar.GoogleCalendarService - Successfully deleted event from Google Calendar: k0rvs949ti5nn52ab4k2vkvjvo
2025-05-25 07:11:44 [http-nio-8080-exec-9] INFO  p.d.A.calendar.GoogleCalendarService - Successfully deleted event from Google Calendar: 6t3f9s3apj1pes16s3t5sr78vo
2025-05-25 07:11:44 [http-nio-8080-exec-9] INFO  p.d.A.calendar.GoogleCalendarService - Successfully deleted event from Google Calendar: fosrpcdpva8t7468hku212d8vo
2025-05-25 07:11:44 [http-nio-8080-exec-9] INFO  p.d.A.calendar.GoogleCalendarService - Successfully deleted event from Google Calendar: tgkk8psccrq2eq2ufgd0b604m8
2025-05-25 07:11:44 [http-nio-8080-exec-9] INFO  p.d.A.calendar.GoogleCalendarService - Successfully deleted event from Google Calendar: u1po964275r6btpp4vtpblbgh4
2025-05-25 07:11:45 [http-nio-8080-exec-9] INFO  p.d.A.calendar.GoogleCalendarService - Successfully deleted event from Google Calendar: kjqjt2bq45l58uf5ko39233e30
2025-05-25 07:11:45 [http-nio-8080-exec-9] INFO  p.d.A.calendar.GoogleCalendarService - Successfully deleted event from Google Calendar: srmgm1efn09fgbo82q5f1v2aqk
2025-05-25 07:11:45 [http-nio-8080-exec-9] DEBUG org.hibernate.SQL - delete from event_data where id=?
2025-05-25 07:11:45 [http-nio-8080-exec-9] DEBUG org.hibernate.SQL - delete from event_data where id=?
2025-05-25 07:11:45 [http-nio-8080-exec-9] DEBUG org.hibernate.SQL - delete from event_data where id=?
2025-05-25 07:11:45 [http-nio-8080-exec-9] DEBUG org.hibernate.SQL - delete from event_data where id=?
2025-05-25 07:11:45 [http-nio-8080-exec-9] DEBUG org.hibernate.SQL - delete from event_data where id=?
2025-05-25 07:11:45 [http-nio-8080-exec-9] DEBUG org.hibernate.SQL - delete from event_data where id=?
2025-05-25 07:11:45 [http-nio-8080-exec-9] DEBUG org.hibernate.SQL - delete from event_data where id=?
2025-05-25 07:11:45 [http-nio-8080-exec-9] DEBUG org.hibernate.SQL - delete from event_data where id=?
2025-05-25 07:11:45 [http-nio-8080-exec-9] DEBUG org.hibernate.SQL - delete from event_data where id=?
2025-05-25 07:11:45 [http-nio-8080-exec-9] DEBUG org.hibernate.SQL - delete from event_data where id=?
2025-05-25 07:11:45 [http-nio-8080-exec-9] DEBUG org.hibernate.SQL - delete from event_data where id=?
2025-05-25 07:11:45 [http-nio-8080-exec-9] DEBUG org.hibernate.SQL - delete from event_data where id=?
2025-05-25 07:11:45 [http-nio-8080-exec-9] DEBUG org.hibernate.SQL - delete from events_series where id=?
2025-05-25 07:11:45 [http-nio-8080-exec-9] INFO  p.d.A.e.EventSeriesServiceImp - Successfully deleted event series: 7
2025-05-25 07:11:45 [http-nio-8080-exec-9] DEBUG org.hibernate.SQL - WITH period_events AS (     SELECT event_date,            LAG(event_date) OVER (ORDER BY event_date DESC) AS prev_event_date     FROM event_data     WHERE user_id = ?     AND is_period_first_day = true     AND is_predicted = false ) SELECT AVG(DATEDIFF(prev_event_date, event_date)) FROM period_events WHERE prev_event_date IS NOT NULL
2025-05-25 07:11:45 [http-nio-8080-exec-9] DEBUG org.hibernate.SQL - SELECT * FROM event_data WHERE id = (SELECT MAX(id) FROM event_data WHERE user_id = ? AND is_period_first_day = true AND is_predicted = false)
2025-05-25 07:11:45 [http-nio-8080-exec-9] DEBUG org.hibernate.SQL - select count(ed1_0.id) from event_data ed1_0 where ed1_0.user_id=? and ed1_0.is_predicted=0
2025-05-25 07:11:45 [http-nio-8080-exec-9] DEBUG org.hibernate.SQL - insert into events_series (calculated_cycle_length,prediction_date,user_id) values (?,?,?)
2025-05-25 07:11:45 [http-nio-8080-exec-9] DEBUG org.hibernate.SQL - SELECT * FROM event_data WHERE id = (SELECT MAX(id) FROM event_data WHERE user_id = ? AND is_period_first_day = true AND is_predicted = false)
2025-05-25 07:11:45 [http-nio-8080-exec-9] DEBUG org.hibernate.SQL - select count(*) from event_data ed1_0 where ed1_0.id=?
2025-05-25 07:11:45 [http-nio-8080-exec-9] DEBUG org.hibernate.SQL - insert into event_data (calendar_event_id,created_date_time,event_date,events_series,is_period_first_day,is_predicted,is_sync,modified_date_time,title,user_id) values (?,?,?,?,?,?,?,?,?,?)
2025-05-25 07:11:45 [http-nio-8080-exec-9] DEBUG org.hibernate.SQL - select count(*) from event_data ed1_0 where ed1_0.id=?
2025-05-25 07:11:45 [http-nio-8080-exec-9] DEBUG org.hibernate.SQL - insert into event_data (calendar_event_id,created_date_time,event_date,events_series,is_period_first_day,is_predicted,is_sync,modified_date_time,title,user_id) values (?,?,?,?,?,?,?,?,?,?)
2025-05-25 07:11:45 [http-nio-8080-exec-9] DEBUG org.hibernate.SQL - select count(*) from event_data ed1_0 where ed1_0.id=?
2025-05-25 07:11:45 [http-nio-8080-exec-9] DEBUG org.hibernate.SQL - insert into event_data (calendar_event_id,created_date_time,event_date,events_series,is_period_first_day,is_predicted,is_sync,modified_date_time,title,user_id) values (?,?,?,?,?,?,?,?,?,?)
2025-05-25 07:11:45 [http-nio-8080-exec-9] DEBUG org.hibernate.SQL - select count(*) from event_data ed1_0 where ed1_0.id=?
2025-05-25 07:11:45 [http-nio-8080-exec-9] DEBUG org.hibernate.SQL - insert into event_data (calendar_event_id,created_date_time,event_date,events_series,is_period_first_day,is_predicted,is_sync,modified_date_time,title,user_id) values (?,?,?,?,?,?,?,?,?,?)
2025-05-25 07:11:45 [http-nio-8080-exec-9] DEBUG org.hibernate.SQL - select count(*) from event_data ed1_0 where ed1_0.id=?
2025-05-25 07:11:45 [http-nio-8080-exec-9] DEBUG org.hibernate.SQL - insert into event_data (calendar_event_id,created_date_time,event_date,events_series,is_period_first_day,is_predicted,is_sync,modified_date_time,title,user_id) values (?,?,?,?,?,?,?,?,?,?)
2025-05-25 07:11:45 [http-nio-8080-exec-9] DEBUG org.hibernate.SQL - select count(*) from event_data ed1_0 where ed1_0.id=?
2025-05-25 07:11:45 [http-nio-8080-exec-9] DEBUG org.hibernate.SQL - insert into event_data (calendar_event_id,created_date_time,event_date,events_series,is_period_first_day,is_predicted,is_sync,modified_date_time,title,user_id) values (?,?,?,?,?,?,?,?,?,?)
2025-05-25 07:11:45 [http-nio-8080-exec-9] DEBUG org.hibernate.SQL - select count(*) from event_data ed1_0 where ed1_0.id=?
2025-05-25 07:11:45 [http-nio-8080-exec-9] DEBUG org.hibernate.SQL - insert into event_data (calendar_event_id,created_date_time,event_date,events_series,is_period_first_day,is_predicted,is_sync,modified_date_time,title,user_id) values (?,?,?,?,?,?,?,?,?,?)
2025-05-25 07:11:45 [http-nio-8080-exec-9] DEBUG org.hibernate.SQL - select count(*) from event_data ed1_0 where ed1_0.id=?
2025-05-25 07:11:45 [http-nio-8080-exec-9] DEBUG org.hibernate.SQL - insert into event_data (calendar_event_id,created_date_time,event_date,events_series,is_period_first_day,is_predicted,is_sync,modified_date_time,title,user_id) values (?,?,?,?,?,?,?,?,?,?)
2025-05-25 07:11:45 [http-nio-8080-exec-9] DEBUG org.hibernate.SQL - select count(*) from event_data ed1_0 where ed1_0.id=?
2025-05-25 07:11:45 [http-nio-8080-exec-9] DEBUG org.hibernate.SQL - insert into event_data (calendar_event_id,created_date_time,event_date,events_series,is_period_first_day,is_predicted,is_sync,modified_date_time,title,user_id) values (?,?,?,?,?,?,?,?,?,?)
2025-05-25 07:11:45 [http-nio-8080-exec-9] DEBUG org.hibernate.SQL - select count(*) from event_data ed1_0 where ed1_0.id=?
2025-05-25 07:11:45 [http-nio-8080-exec-9] DEBUG org.hibernate.SQL - insert into event_data (calendar_event_id,created_date_time,event_date,events_series,is_period_first_day,is_predicted,is_sync,modified_date_time,title,user_id) values (?,?,?,?,?,?,?,?,?,?)
2025-05-25 07:11:45 [http-nio-8080-exec-9] DEBUG org.hibernate.SQL - select count(*) from event_data ed1_0 where ed1_0.id=?
2025-05-25 07:11:45 [http-nio-8080-exec-9] DEBUG org.hibernate.SQL - insert into event_data (calendar_event_id,created_date_time,event_date,events_series,is_period_first_day,is_predicted,is_sync,modified_date_time,title,user_id) values (?,?,?,?,?,?,?,?,?,?)
2025-05-25 07:11:45 [http-nio-8080-exec-9] DEBUG org.hibernate.SQL - select count(*) from event_data ed1_0 where ed1_0.id=?
2025-05-25 07:11:45 [http-nio-8080-exec-9] DEBUG org.hibernate.SQL - insert into event_data (calendar_event_id,created_date_time,event_date,events_series,is_period_first_day,is_predicted,is_sync,modified_date_time,title,user_id) values (?,?,?,?,?,?,?,?,?,?)
2025-05-25 07:11:46 [http-nio-8080-exec-9] INFO  p.d.A.calendar.GoogleCalendarService - Successfully synced event: ?Period-Prediction? to Google Calendar
2025-05-25 07:11:46 [http-nio-8080-exec-9] INFO  p.d.A.calendar.GoogleCalendarService - Successfully synced event: ?Period-Prediction? to Google Calendar
2025-05-25 07:11:46 [http-nio-8080-exec-9] INFO  p.d.A.calendar.GoogleCalendarService - Successfully synced event: ?Period-Prediction? to Google Calendar
2025-05-25 07:11:46 [http-nio-8080-exec-9] INFO  p.d.A.calendar.GoogleCalendarService - Successfully synced event: ?Period-Prediction? to Google Calendar
2025-05-25 07:11:47 [http-nio-8080-exec-9] INFO  p.d.A.calendar.GoogleCalendarService - Successfully synced event: ?Period-Prediction? to Google Calendar
2025-05-25 07:11:47 [http-nio-8080-exec-9] INFO  p.d.A.calendar.GoogleCalendarService - Successfully synced event: ?Period-Prediction? to Google Calendar
2025-05-25 07:11:47 [http-nio-8080-exec-9] INFO  p.d.A.calendar.GoogleCalendarService - Successfully synced event: ??Ovulation-Prediction?? to Google Calendar
2025-05-25 07:11:48 [http-nio-8080-exec-9] INFO  p.d.A.calendar.GoogleCalendarService - Successfully synced event: ??Ovulation-Prediction?? to Google Calendar
2025-05-25 07:11:48 [http-nio-8080-exec-9] INFO  p.d.A.calendar.GoogleCalendarService - Successfully synced event: ??Ovulation-Prediction?? to Google Calendar
2025-05-25 07:11:48 [http-nio-8080-exec-9] INFO  p.d.A.calendar.GoogleCalendarService - Successfully synced event: ??Ovulation-Prediction?? to Google Calendar
2025-05-25 07:11:48 [http-nio-8080-exec-9] INFO  p.d.A.calendar.GoogleCalendarService - Successfully synced event: ??Ovulation-Prediction?? to Google Calendar
2025-05-25 07:11:49 [http-nio-8080-exec-9] INFO  p.d.A.calendar.GoogleCalendarService - Successfully synced event: ??Ovulation-Prediction?? to Google Calendar
2025-05-25 07:11:49 [http-nio-8080-exec-9] DEBUG org.hibernate.SQL - update event_data set calendar_event_id=?,event_date=?,events_series=?,is_period_first_day=?,is_predicted=?,is_sync=?,modified_date_time=?,title=? where id=?
2025-05-25 07:11:49 [http-nio-8080-exec-9] DEBUG org.hibernate.SQL - update event_data set calendar_event_id=?,event_date=?,events_series=?,is_period_first_day=?,is_predicted=?,is_sync=?,modified_date_time=?,title=? where id=?
2025-05-25 07:11:49 [http-nio-8080-exec-9] DEBUG org.hibernate.SQL - update event_data set calendar_event_id=?,event_date=?,events_series=?,is_period_first_day=?,is_predicted=?,is_sync=?,modified_date_time=?,title=? where id=?
2025-05-25 07:11:49 [http-nio-8080-exec-9] DEBUG org.hibernate.SQL - update event_data set calendar_event_id=?,event_date=?,events_series=?,is_period_first_day=?,is_predicted=?,is_sync=?,modified_date_time=?,title=? where id=?
2025-05-25 07:11:49 [http-nio-8080-exec-9] DEBUG org.hibernate.SQL - update event_data set calendar_event_id=?,event_date=?,events_series=?,is_period_first_day=?,is_predicted=?,is_sync=?,modified_date_time=?,title=? where id=?
2025-05-25 07:11:49 [http-nio-8080-exec-9] DEBUG org.hibernate.SQL - update event_data set calendar_event_id=?,event_date=?,events_series=?,is_period_first_day=?,is_predicted=?,is_sync=?,modified_date_time=?,title=? where id=?
2025-05-25 07:11:49 [http-nio-8080-exec-9] DEBUG org.hibernate.SQL - update event_data set calendar_event_id=?,event_date=?,events_series=?,is_period_first_day=?,is_predicted=?,is_sync=?,modified_date_time=?,title=? where id=?
2025-05-25 07:11:49 [http-nio-8080-exec-9] DEBUG org.hibernate.SQL - update event_data set calendar_event_id=?,event_date=?,events_series=?,is_period_first_day=?,is_predicted=?,is_sync=?,modified_date_time=?,title=? where id=?
2025-05-25 07:11:49 [http-nio-8080-exec-9] DEBUG org.hibernate.SQL - update event_data set calendar_event_id=?,event_date=?,events_series=?,is_period_first_day=?,is_predicted=?,is_sync=?,modified_date_time=?,title=? where id=?
2025-05-25 07:11:49 [http-nio-8080-exec-9] DEBUG org.hibernate.SQL - update event_data set calendar_event_id=?,event_date=?,events_series=?,is_period_first_day=?,is_predicted=?,is_sync=?,modified_date_time=?,title=? where id=?
2025-05-25 07:11:49 [http-nio-8080-exec-9] DEBUG org.hibernate.SQL - update event_data set calendar_event_id=?,event_date=?,events_series=?,is_period_first_day=?,is_predicted=?,is_sync=?,modified_date_time=?,title=? where id=?
2025-05-25 07:11:49 [http-nio-8080-exec-9] DEBUG org.hibernate.SQL - update event_data set calendar_event_id=?,event_date=?,events_series=?,is_period_first_day=?,is_predicted=?,is_sync=?,modified_date_time=?,title=? where id=?
