2026-04-04 23:40:02 [main] INFO  predictor.demo.DemoApplicationTests - Starting DemoApplicationTests using Java 21.0.5 with PID 30328 (started by bunvi in C:\Users\bunvi\CodingFun\period-and-ovulation-predictor\backend\demo)
2026-04-04 23:40:02 [main] INFO  predictor.demo.DemoApplicationTests - No active profile set, falling back to 1 default profile: "default"
2026-04-04 23:40:04 [main] INFO  o.h.jpa.internal.util.LogHelper - HHH000204: Processing PersistenceUnitInfo [name: default]
2026-04-04 23:40:04 [main] INFO  org.hibernate.Version - HHH000412: Hibernate ORM core version 6.6.5.Final
2026-04-04 23:40:04 [main] INFO  o.h.c.i.RegionFactoryInitiator - HHH000026: Second-level cache disabled
2026-04-04 23:40:04 [main] WARN  com.zaxxer.hikari.HikariConfig - predictor-period-ovulation - idleTimeout has been set but has no effect because the pool is operating as a fixed size pool.
2026-04-04 23:40:04 [main] INFO  com.zaxxer.hikari.HikariDataSource - predictor-period-ovulation - Starting...
2026-04-04 23:40:05 [main] INFO  com.zaxxer.hikari.pool.HikariPool - predictor-period-ovulation - Added connection com.mysql.cj.jdbc.ConnectionImpl@40863800
2026-04-04 23:40:05 [main] INFO  com.zaxxer.hikari.HikariDataSource - predictor-period-ovulation - Start completed.
2026-04-04 23:40:05 [main] WARN  org.hibernate.orm.deprecation - HHH90000025: MySQL8Dialect does not need to be specified explicitly using 'hibernate.dialect' (remove the property setting and it will be selected by default)
2026-04-04 23:40:05 [main] WARN  org.hibernate.orm.deprecation - HHH90000026: MySQL8Dialect has been deprecated; use org.hibernate.dialect.MySQLDialect instead
2026-04-04 23:40:05 [main] INFO  o.hibernate.orm.connections.pooling - HHH10001005: Database info:
	Database JDBC URL [Connecting through datasource 'HikariDataSource (predictor-period-ovulation)']
	Database driver: undefined/unknown
	Database version: 8.0
	Autocommit mode: undefined/unknown
	Isolation level: undefined/unknown
	Minimum pool size: undefined/unknown
	Maximum pool size: undefined/unknown
2026-04-04 23:40:06 [main] INFO  o.h.e.t.j.p.i.JtaPlatformInitiator - HHH000489: No JTA platform available (set 'hibernate.transaction.jta.platform' to enable JTA platform integration)
2026-04-04 23:40:07 [main] WARN  o.s.b.a.o.j.JpaBaseConfiguration$JpaWebConfiguration - spring.jpa.open-in-view is enabled by default. Therefore, database queries may be performed during view rendering. Explicitly configure spring.jpa.open-in-view to disable this warning
2026-04-04 23:40:08 [main] INFO  predictor.demo.DemoApplicationTests - Started DemoApplicationTests in 6.637 seconds (process running for 7.731)
2026-04-04 23:40:09 [SpringApplicationShutdownHook] INFO  com.zaxxer.hikari.HikariDataSource - predictor-period-ovulation - Shutdown initiated...
2026-04-04 23:40:09 [SpringApplicationShutdownHook] INFO  com.zaxxer.hikari.HikariDataSource - predictor-period-ovulation - Shutdown completed.
2026-04-04 23:40:25 [main] INFO  predictor.demo.DemoApplicationTests - Starting DemoApplicationTests using Java 21.0.5 with PID 33296 (started by bunvi in C:\Users\bunvi\CodingFun\period-and-ovulation-predictor\backend\demo)
2026-04-04 23:40:25 [main] INFO  predictor.demo.DemoApplicationTests - No active profile set, falling back to 1 default profile: "default"
2026-04-04 23:40:26 [main] INFO  o.h.jpa.internal.util.LogHelper - HHH000204: Processing PersistenceUnitInfo [name: default]
2026-04-04 23:40:26 [main] INFO  org.hibernate.Version - HHH000412: Hibernate ORM core version 6.6.5.Final
2026-04-04 23:40:26 [main] INFO  o.h.c.i.RegionFactoryInitiator - HHH000026: Second-level cache disabled
2026-04-04 23:40:27 [main] WARN  com.zaxxer.hikari.HikariConfig - predictor-period-ovulation - idleTimeout has been set but has no effect because the pool is operating as a fixed size pool.
2026-04-04 23:40:27 [main] INFO  com.zaxxer.hikari.HikariDataSource - predictor-period-ovulation - Starting...
2026-04-04 23:40:27 [main] INFO  com.zaxxer.hikari.pool.HikariPool - predictor-period-ovulation - Added connection com.mysql.cj.jdbc.ConnectionImpl@64665781
2026-04-04 23:40:27 [main] INFO  com.zaxxer.hikari.HikariDataSource - predictor-period-ovulation - Start completed.
2026-04-04 23:40:27 [main] WARN  org.hibernate.orm.deprecation - HHH90000025: MySQL8Dialect does not need to be specified explicitly using 'hibernate.dialect' (remove the property setting and it will be selected by default)
2026-04-04 23:40:27 [main] WARN  org.hibernate.orm.deprecation - HHH90000026: MySQL8Dialect has been deprecated; use org.hibernate.dialect.MySQLDialect instead
2026-04-04 23:40:27 [main] INFO  o.hibernate.orm.connections.pooling - HHH10001005: Database info:
	Database JDBC URL [Connecting through datasource 'HikariDataSource (predictor-period-ovulation)']
	Database driver: undefined/unknown
	Database version: 8.0
	Autocommit mode: undefined/unknown
	Isolation level: undefined/unknown
	Minimum pool size: undefined/unknown
	Maximum pool size: undefined/unknown
2026-04-04 23:40:28 [main] INFO  o.h.e.t.j.p.i.JtaPlatformInitiator - HHH000489: No JTA platform available (set 'hibernate.transaction.jta.platform' to enable JTA platform integration)
2026-04-04 23:40:29 [main] WARN  o.s.b.a.o.j.JpaBaseConfiguration$JpaWebConfiguration - spring.jpa.open-in-view is enabled by default. Therefore, database queries may be performed during view rendering. Explicitly configure spring.jpa.open-in-view to disable this warning
2026-04-04 23:40:30 [main] INFO  predictor.demo.DemoApplicationTests - Started DemoApplicationTests in 5.859 seconds (process running for 6.794)
2026-04-04 23:40:31 [SpringApplicationShutdownHook] INFO  com.zaxxer.hikari.HikariDataSource - predictor-period-ovulation - Shutdown initiated...
2026-04-04 23:40:31 [SpringApplicationShutdownHook] INFO  com.zaxxer.hikari.HikariDataSource - predictor-period-ovulation - Shutdown completed.
